#
# There is insufficient memory for the Java Runtime Environment to continue.
# Native memory allocation (malloc) failed to allocate 423776 bytes for Chunk::new
# Possible reasons:
#   The system is out of physical RAM or swap space
#   The process is running with CompressedOops enabled, and the Java Heap may be blocking the growth of the native heap
# Possible solutions:
#   Reduce memory load on the system
#   Increase physical memory or swap space
#   Check if swap backing store is full
#   Decrease Java heap size (-Xmx/-Xms)
#   Decrease number of Java threads
#   Decrease Java thread stack sizes (-Xss)
#   Set larger code cache with -XX:ReservedCodeCacheSize=
#   JVM is running with Unscaled Compressed Oops mode in which the Java heap is
#     placed in the first 4GB address space. The Java Heap base address is the
#     maximum limit for the native heap growth. Please use -XX:HeapBaseMinAddress
#     to set the Java Heap base and to place the Java Heap above 4GB virtual address.
# This output file may be truncated or incomplete.
#
#  Out of Memory Error (allocation.cpp:389), pid=6800, tid=0x0000000000005390
#
# JRE version: OpenJDK Runtime Environment (8.0_242-b01) (build 1.8.0_242-release-1644-b01)
# Java VM: OpenJDK 64-Bit Server VM (25.242-b01 mixed mode windows-amd64 compressed oops)
# Failed to write core dump. Minidumps are not enabled by default on client versions of Windows
#

---------------  T H R E A D  ---------------

Current thread (0x0000000018bcc800):  JavaThread "C2 CompilerThread0" daemon [_thread_in_native, id=21392, stack(0x0000000019390000,0x0000000019490000)]

Stack: [0x0000000019390000,0x0000000019490000]
[error occurred during error reporting (printing stack bounds), id 0xc0000005]

Native frames: (J=compiled Java code, j=interpreted, Vv=VM code, C=native code)


Current CompileTask:
C2:   7903 4480       4       jdk.internal.org.objectweb.asm.Frame::execute (2252 bytes)


---------------  P R O C E S S  ---------------

Java Threads: ( => current thread )
  0x000000001ef39000 JavaThread "Cache worker for Build Output Cleanup Cache (C:\Users\rha31\AndroidStudioProjects\wheelwhere\.gradle\buildOutputCleanup)" [_thread_blocked, id=17480, stack(0x0000000024de0000,0x0000000024ee0000)]
  0x000000001ef31800 JavaThread "Build operations Thread 8" [_thread_blocked, id=21864, stack(0x00000000244e0000,0x00000000245e0000)]
  0x000000001ef38800 JavaThread "Build operations Thread 7" [_thread_blocked, id=2052, stack(0x00000000243e0000,0x00000000244e0000)]
  0x000000001ef37800 JavaThread "Build operations Thread 6" [_thread_blocked, id=22320, stack(0x00000000242e0000,0x00000000243e0000)]
  0x000000001ef37000 JavaThread "Build operations Thread 5" [_thread_blocked, id=18260, stack(0x00000000241e0000,0x00000000242e0000)]
  0x000000001ef2a000 JavaThread "Build operations Thread 4" [_thread_blocked, id=3960, stack(0x0000000023020000,0x0000000023120000)]
  0x000000001ef2b800 JavaThread "Build operations Thread 3" [_thread_blocked, id=21320, stack(0x0000000021ed0000,0x0000000021fd0000)]
  0x000000001ef2e000 JavaThread "Build operations Thread 2" [_thread_blocked, id=23660, stack(0x0000000021dd0000,0x0000000021ed0000)]
  0x000000001ef2d000 JavaThread "Build operations" [_thread_blocked, id=24588, stack(0x0000000021cd0000,0x0000000021dd0000)]
  0x000000001ef31000 JavaThread "Cache worker for execution history cache (C:\Users\rha31\AndroidStudioProjects\wheelwhere\.gradle\caches\5.6.4\executionHistory)" [_thread_blocked, id=9044, stack(0x0000000021160000,0x0000000021260000)]
  0x000000001ef2f800 JavaThread "Cache worker for cache directory md-rule (C:\Users\rha31\AndroidStudioProjects\wheelwhere\.gradle\caches\5.6.4\md-rule)" [_thread_blocked, id=18880, stack(0x0000000021060000,0x0000000021160000)]
  0x000000001ef2e800 JavaThread "Cache worker for cache directory md-supplier (C:\Users\rha31\AndroidStudioProjects\wheelwhere\.gradle\caches\5.6.4\md-supplier)" [_thread_blocked, id=1200, stack(0x000000001f9b0000,0x000000001fab0000)]
  0x0000000018c2e000 JavaThread "Cache worker for file hash cache (C:\Users\rha31\AndroidStudioProjects\wheelwhere\.gradle\5.6.4\fileHashes)" [_thread_blocked, id=23936, stack(0x000000001fb90000,0x000000001fc90000)]
  0x0000000018c2d800 JavaThread "Cache worker for journal cache (C:\Users\rha31\AndroidStudioProjects\wheelwhere\.gradle\caches\journal-1)" [_thread_blocked, id=7152, stack(0x000000001d510000,0x000000001d610000)]
  0x0000000018c2f800 JavaThread "File lock request listener" [_thread_in_native, id=22040, stack(0x000000001d410000,0x000000001d510000)]
  0x0000000018f26000 JavaThread "Cache worker for file hash cache (C:\Users\rha31\AndroidStudioProjects\wheelwhere\.gradle\caches\5.6.4\fileHashes)" [_thread_blocked, id=15408, stack(0x000000001d310000,0x000000001d410000)]
  0x000000001b435000 JavaThread "Thread-9" [_thread_blocked, id=20084, stack(0x000000001d010000,0x000000001d110000)]
  0x000000001b433000 JavaThread "Stdin handler" [_thread_blocked, id=8836, stack(0x000000001cf10000,0x000000001d010000)]
  0x000000001b430000 JavaThread "Asynchronous log dispatcher for DefaultDaemonConnection: socket connection from /127.0.0.1:59588 to /127.0.0.1:59589" [_thread_blocked, id=24416, stack(0x000000001ce10000,0x000000001cf10000)]
  0x000000001b447800 JavaThread "Daemon worker" [_thread_in_vm, id=19832, stack(0x000000001cc10000,0x000000001cd10000)]
  0x000000001b4b1800 JavaThread "Cancel handler" [_thread_blocked, id=9424, stack(0x000000001cb10000,0x000000001cc10000)]
  0x000000001b48e800 JavaThread "Handler for socket connection from /127.0.0.1:59588 to /127.0.0.1:59589" [_thread_in_native, id=12448, stack(0x000000001c810000,0x000000001c910000)]
  0x000000001b41b000 JavaThread "Daemon" [_thread_blocked, id=11072, stack(0x000000001c710000,0x000000001c810000)]
  0x000000001b40e800 JavaThread "Daemon periodic checks" [_thread_blocked, id=25496, stack(0x000000001c610000,0x000000001c710000)]
  0x000000001b3f1800 JavaThread "Incoming local TCP Connector on port 59588" [_thread_in_native, id=19452, stack(0x000000001c430000,0x000000001c530000)]
  0x000000001b313000 JavaThread "Daemon health stats" [_thread_blocked, id=23404, stack(0x000000001c130000,0x000000001c230000)]
  0x0000000018cc1000 JavaThread "Service Thread" daemon [_thread_blocked, id=23096, stack(0x0000000019790000,0x0000000019890000)]
  0x0000000018c31000 JavaThread "C1 CompilerThread3" daemon [_thread_blocked, id=16588, stack(0x0000000019690000,0x0000000019790000)]
  0x0000000018c2c000 JavaThread "C2 CompilerThread2" daemon [_thread_in_native, id=17656, stack(0x0000000019590000,0x0000000019690000)]
  0x0000000018bd3000 JavaThread "C2 CompilerThread1" daemon [_thread_in_native, id=26396, stack(0x0000000019490000,0x0000000019590000)]
=>0x0000000018bcc800 JavaThread "C2 CompilerThread0" daemon [_thread_in_native, id=21392, stack(0x0000000019390000,0x0000000019490000)]
  0x0000000018c28800 JavaThread "Attach Listener" daemon [_thread_blocked, id=1796, stack(0x0000000019290000,0x0000000019390000)]
  0x0000000018c27000 JavaThread "Signal Dispatcher" daemon [_thread_blocked, id=12324, stack(0x0000000019190000,0x0000000019290000)]
  0x0000000002fee800 JavaThread "Finalizer" daemon [_thread_blocked, id=25864, stack(0x0000000019090000,0x0000000019190000)]
  0x0000000016dac800 JavaThread "Reference Handler" daemon [_thread_blocked, id=9872, stack(0x0000000018f90000,0x0000000019090000)]
  0x0000000002eee800 JavaThread "main" [_thread_blocked, id=6980, stack(0x0000000002cf0000,0x0000000002df0000)]

Other Threads:
  0x0000000016da5800 VMThread [stack: 0x0000000018a90000,0x0000000018b90000] [id=18872]
  0x0000000018c73800 WatcherThread [stack: 0x0000000019890000,0x0000000019990000] [id=16548]

VM state:not at safepoint (normal execution)

VM Mutex/Monitor currently owned by a thread: None

heap address: 0x00000000a0000000, size: 1536 MB, Compressed Oops mode: 32-bit
Narrow klass base: 0x0000000000000000, Narrow klass shift: 3
Compressed class space size: 1073741824 Address: 0x0000000100000000

Heap:
 PSYoungGen      total 119296K, used 42990K [0x00000000e0000000, 0x00000000e8080000, 0x0000000100000000)
  eden space 107008K, 29% used [0x00000000e0000000,0x00000000e1efe9f0,0x00000000e6880000)
  from space 12288K, 91% used [0x00000000e7480000,0x00000000e7f7ce50,0x00000000e8080000)
  to   space 12288K, 0% used [0x00000000e6880000,0x00000000e6880000,0x00000000e7480000)
 ParOldGen       total 97280K, used 18755K [0x00000000a0000000, 0x00000000a5f00000, 0x00000000e0000000)
  object space 97280K, 19% used [0x00000000a0000000,0x00000000a1250ff0,0x00000000a5f00000)
 Metaspace       used 46287K, capacity 47896K, committed 48040K, reserved 1091584K
  class space    used 6164K, capacity 6561K, committed 6568K, reserved 1048576K

Card table byte_map: [0x00000000123b0000,0x00000000126c0000] byte_map_base: 0x0000000011eb0000

Marking Bits: (ParMarkBitMap*) 0x000000005c4af030
 Begin Bits: [0x00000000130c0000, 0x00000000148c0000)
 End Bits:   [0x00000000148c0000, 0x00000000160c0000)

Polling page: 0x0000000000cf0000

CodeCache: size=245760Kb used=13896Kb max_used=13907Kb free=231864Kb
 bounds [0x0000000002ff0000, 0x0000000003da0000, 0x0000000011ff0000]
 total_blobs=4883 nmethods=4114 adapters=681
 compilation: enabled

Compilation events (10 events):
Event: 7.871 Thread 0x0000000018c31000 nmethod 4477 0x0000000003d65450 code [0x0000000003d655c0, 0x0000000003d65948]
Event: 7.871 Thread 0x0000000018c31000 4478       3       com.google.common.collect.AbstractMapBasedMultimap$WrappedSet::<init> (14 bytes)
Event: 7.871 Thread 0x0000000018c31000 nmethod 4478 0x0000000003d6cd90 code [0x0000000003d6cf00, 0x0000000003d6d0a8]
Event: 7.874 Thread 0x0000000018c2c000 nmethod 4472 0x0000000003d6c450 code [0x0000000003d6c5e0, 0x0000000003d6c938]
Event: 7.875 Thread 0x0000000018c31000 4479       3       sun.invoke.util.VerifyAccess::isTypeVisible (49 bytes)
Event: 7.875 Thread 0x0000000018bcc800 4480       4       jdk.internal.org.objectweb.asm.Frame::execute (2252 bytes)
Event: 7.875 Thread 0x0000000018c31000 nmethod 4479 0x0000000003d6bb50 code [0x0000000003d6bce0, 0x0000000003d6c228]
Event: 7.878 Thread 0x0000000018bd3000 nmethod 4469 0x0000000003d75550 code [0x0000000003d75700, 0x0000000003d75ee8]
Event: 7.889 Thread 0x0000000018c31000 4481       3       java.lang.invoke.TypeConvertingMethodAdapter::convertType (299 bytes)
Event: 7.897 Thread 0x0000000018c31000 nmethod 4481 0x0000000003d79a90 code [0x0000000003d7a820, 0x0000000003d860d8]

GC Heap History (10 events):
Event: 5.154 GC heap before
{Heap before GC invocations=6 (full 1):
 PSYoungGen      total 75264K, used 64512K [0x00000000e0000000, 0x00000000e5400000, 0x0000000100000000)
  eden space 64512K, 100% used [0x00000000e0000000,0x00000000e3f00000,0x00000000e3f00000)
  from space 10752K, 0% used [0x00000000e4980000,0x00000000e4980000,0x00000000e5400000)
  to   space 10752K, 0% used [0x00000000e3f00000,0x00000000e3f00000,0x00000000e4980000)
 ParOldGen       total 97280K, used 9176K [0x00000000a0000000, 0x00000000a5f00000, 0x00000000e0000000)
  object space 97280K, 9% used [0x00000000a0000000,0x00000000a08f6070,0x00000000a5f00000)
 Metaspace       used 28341K, capacity 28990K, committed 29184K, reserved 1075200K
  class space    used 3876K, capacity 4082K, committed 4096K, reserved 1048576K
Event: 5.158 GC heap after
Heap after GC invocations=6 (full 1):
 PSYoungGen      total 75264K, used 7942K [0x00000000e0000000, 0x00000000e8100000, 0x0000000100000000)
  eden space 64512K, 0% used [0x00000000e0000000,0x00000000e0000000,0x00000000e3f00000)
  from space 10752K, 73% used [0x00000000e3f00000,0x00000000e46c18c8,0x00000000e4980000)
  to   space 12800K, 0% used [0x00000000e7480000,0x00000000e7480000,0x00000000e8100000)
 ParOldGen       total 97280K, used 9184K [0x00000000a0000000, 0x00000000a5f00000, 0x00000000e0000000)
  object space 97280K, 9% used [0x00000000a0000000,0x00000000a08f8070,0x00000000a5f00000)
 Metaspace       used 28341K, capacity 28990K, committed 29184K, reserved 1075200K
  class space    used 3876K, capacity 4082K, committed 4096K, reserved 1048576K
}
Event: 5.859 GC heap before
{Heap before GC invocations=7 (full 1):
 PSYoungGen      total 75264K, used 72454K [0x00000000e0000000, 0x00000000e8100000, 0x0000000100000000)
  eden space 64512K, 100% used [0x00000000e0000000,0x00000000e3f00000,0x00000000e3f00000)
  from space 10752K, 73% used [0x00000000e3f00000,0x00000000e46c18c8,0x00000000e4980000)
  to   space 12800K, 0% used [0x00000000e7480000,0x00000000e7480000,0x00000000e8100000)
 ParOldGen       total 97280K, used 9184K [0x00000000a0000000, 0x00000000a5f00000, 0x00000000e0000000)
  object space 97280K, 9% used [0x00000000a0000000,0x00000000a08f8070,0x00000000a5f00000)
 Metaspace       used 32264K, capacity 33162K, committed 33408K, reserved 1077248K
  class space    used 4365K, capacity 4627K, committed 4736K, reserved 1048576K
Event: 5.868 GC heap after
Heap after GC invocations=7 (full 1):
 PSYoungGen      total 119296K, used 9103K [0x00000000e0000000, 0x00000000e8080000, 0x0000000100000000)
  eden space 107008K, 0% used [0x00000000e0000000,0x00000000e0000000,0x00000000e6880000)
  from space 12288K, 74% used [0x00000000e7480000,0x00000000e7d63c20,0x00000000e8080000)
  to   space 12288K, 0% used [0x00000000e6880000,0x00000000e6880000,0x00000000e7480000)
 ParOldGen       total 97280K, used 9192K [0x00000000a0000000, 0x00000000a5f00000, 0x00000000e0000000)
  object space 97280K, 9% used [0x00000000a0000000,0x00000000a08fa070,0x00000000a5f00000)
 Metaspace       used 32264K, capacity 33162K, committed 33408K, reserved 1077248K
  class space    used 4365K, capacity 4627K, committed 4736K, reserved 1048576K
}
Event: 6.305 GC heap before
{Heap before GC invocations=8 (full 1):
 PSYoungGen      total 119296K, used 62482K [0x00000000e0000000, 0x00000000e8080000, 0x0000000100000000)
  eden space 107008K, 49% used [0x00000000e0000000,0x00000000e3420c18,0x00000000e6880000)
  from space 12288K, 74% used [0x00000000e7480000,0x00000000e7d63c20,0x00000000e8080000)
  to   space 12288K, 0% used [0x00000000e6880000,0x00000000e6880000,0x00000000e7480000)
 ParOldGen       total 97280K, used 9192K [0x00000000a0000000, 0x00000000a5f00000, 0x00000000e0000000)
  object space 97280K, 9% used [0x00000000a0000000,0x00000000a08fa070,0x00000000a5f00000)
 Metaspace       used 34479K, capacity 35390K, committed 35496K, reserved 1079296K
  class space    used 4748K, capacity 5001K, committed 5032K, reserved 1048576K
Event: 6.315 GC heap after
Heap after GC invocations=8 (full 1):
 PSYoungGen      total 119296K, used 11105K [0x00000000e0000000, 0x00000000e8080000, 0x0000000100000000)
  eden space 107008K, 0% used [0x00000000e0000000,0x00000000e0000000,0x00000000e6880000)
  from space 12288K, 90% used [0x00000000e6880000,0x00000000e73586a0,0x00000000e7480000)
  to   space 12288K, 0% used [0x00000000e7480000,0x00000000e7480000,0x00000000e8080000)
 ParOldGen       total 97280K, used 9192K [0x00000000a0000000, 0x00000000a5f00000, 0x00000000e0000000)
  object space 97280K, 9% used [0x00000000a0000000,0x00000000a08fa070,0x00000000a5f00000)
 Metaspace       used 34479K, capacity 35390K, committed 35496K, reserved 1079296K
  class space    used 4748K, capacity 5001K, committed 5032K, reserved 1048576K
}
Event: 6.315 GC heap before
{Heap before GC invocations=9 (full 2):
 PSYoungGen      total 119296K, used 11105K [0x00000000e0000000, 0x00000000e8080000, 0x0000000100000000)
  eden space 107008K, 0% used [0x00000000e0000000,0x00000000e0000000,0x00000000e6880000)
  from space 12288K, 90% used [0x00000000e6880000,0x00000000e73586a0,0x00000000e7480000)
  to   space 12288K, 0% used [0x00000000e7480000,0x00000000e7480000,0x00000000e8080000)
 ParOldGen       total 97280K, used 9192K [0x00000000a0000000, 0x00000000a5f00000, 0x00000000e0000000)
  object space 97280K, 9% used [0x00000000a0000000,0x00000000a08fa070,0x00000000a5f00000)
 Metaspace       used 34479K, capacity 35390K, committed 35496K, reserved 1079296K
  class space    used 4748K, capacity 5001K, committed 5032K, reserved 1048576K
Event: 6.362 GC heap after
Heap after GC invocations=9 (full 2):
 PSYoungGen      total 119296K, used 0K [0x00000000e0000000, 0x00000000e8080000, 0x0000000100000000)
  eden space 107008K, 0% used [0x00000000e0000000,0x00000000e0000000,0x00000000e6880000)
  from space 12288K, 0% used [0x00000000e6880000,0x00000000e6880000,0x00000000e7480000)
  to   space 12288K, 0% used [0x00000000e7480000,0x00000000e7480000,0x00000000e8080000)
 ParOldGen       total 97280K, used 18747K [0x00000000a0000000, 0x00000000a5f00000, 0x00000000e0000000)
  object space 97280K, 19% used [0x00000000a0000000,0x00000000a124eff0,0x00000000a5f00000)
 Metaspace       used 34479K, capacity 35390K, committed 35496K, reserved 1079296K
  class space    used 4748K, capacity 5001K, committed 5032K, reserved 1048576K
}
Event: 7.599 GC heap before
{Heap before GC invocations=10 (full 2):
 PSYoungGen      total 119296K, used 107008K [0x00000000e0000000, 0x00000000e8080000, 0x0000000100000000)
  eden space 107008K, 100% used [0x00000000e0000000,0x00000000e6880000,0x00000000e6880000)
  from space 12288K, 0% used [0x00000000e6880000,0x00000000e6880000,0x00000000e7480000)
  to   space 12288K, 0% used [0x00000000e7480000,0x00000000e7480000,0x00000000e8080000)
 ParOldGen       total 97280K, used 18747K [0x00000000a0000000, 0x00000000a5f00000, 0x00000000e0000000)
  object space 97280K, 19% used [0x00000000a0000000,0x00000000a124eff0,0x00000000a5f00000)
 Metaspace       used 42976K, capacity 44490K, committed 44584K, reserved 1087488K
  class space    used 5776K, capacity 6164K, committed 6184K, reserved 1048576K
Event: 7.606 GC heap after
Heap after GC invocations=10 (full 2):
 PSYoungGen      total 119296K, used 11251K [0x00000000e0000000, 0x00000000e8080000, 0x0000000100000000)
  eden space 107008K, 0% used [0x00000000e0000000,0x00000000e0000000,0x00000000e6880000)
  from space 12288K, 91% used [0x00000000e7480000,0x00000000e7f7ce50,0x00000000e8080000)
  to   space 12288K, 0% used [0x00000000e6880000,0x00000000e6880000,0x00000000e7480000)
 ParOldGen       total 97280K, used 18755K [0x00000000a0000000, 0x00000000a5f00000, 0x00000000e0000000)
  object space 97280K, 19% used [0x00000000a0000000,0x00000000a1250ff0,0x00000000a5f00000)
 Metaspace       used 42976K, capacity 44490K, committed 44584K, reserved 1087488K
  class space    used 5776K, capacity 6164K, committed 6184K, reserved 1048576K
}

Deoptimization events (10 events):
Event: 7.432 Thread 0x000000001b447800 Uncommon trap: reason=unstable_if action=reinterpret pc=0x000000000354e550 method=java.util.regex.Pattern.has(I)Z @ 6
Event: 7.440 Thread 0x000000001b447800 Uncommon trap: reason=bimorphic action=maybe_recompile pc=0x00000000038e3724 method=java.util.AbstractCollection.addAll(Ljava/util/Collection;)Z @ 29
Event: 7.458 Thread 0x000000001b447800 Uncommon trap: reason=bimorphic action=maybe_recompile pc=0x0000000003a2fb40 method=java.util.Arrays.binarySearch0([Ljava/lang/Object;IILjava/lang/Object;Ljava/util/Comparator;)I @ 48
Event: 7.458 Thread 0x000000001b447800 Uncommon trap: reason=bimorphic action=maybe_recompile pc=0x0000000003a2fb40 method=java.util.Arrays.binarySearch0([Ljava/lang/Object;IILjava/lang/Object;Ljava/util/Comparator;)I @ 48
Event: 7.458 Thread 0x000000001b447800 Uncommon trap: reason=bimorphic action=maybe_recompile pc=0x0000000003a2fb40 method=java.util.Arrays.binarySearch0([Ljava/lang/Object;IILjava/lang/Object;Ljava/util/Comparator;)I @ 48
Event: 7.458 Thread 0x000000001b447800 Uncommon trap: reason=bimorphic action=maybe_recompile pc=0x0000000003a2fb40 method=java.util.Arrays.binarySearch0([Ljava/lang/Object;IILjava/lang/Object;Ljava/util/Comparator;)I @ 48
Event: 7.485 Thread 0x000000001b447800 Uncommon trap: reason=unstable_if action=reinterpret pc=0x0000000003cd4cc4 method=java.security.CodeSource.hashCode()I @ 4
Event: 7.485 Thread 0x000000001b447800 Uncommon trap: reason=unstable_if action=reinterpret pc=0x00000000039b34cc method=java.security.CodeSource.hashCode()I @ 4
Event: 7.492 Thread 0x000000001b447800 Uncommon trap: reason=unstable_if action=reinterpret pc=0x00000000031dac10 method=jdk.internal.org.objectweb.asm.Type.getArgumentsAndReturnSizes(Ljava/lang/String;)I @ 47
Event: 7.777 Thread 0x000000001b447800 Uncommon trap: reason=unstable_if action=reinterpret pc=0x00000000036608b4 method=java.net.URLStreamHandler.sameFile(Ljava/net/URL;Ljava/net/URL;)Z @ 63

Classes redefined (0 events):
No events

Internal exceptions (10 events):
Event: 6.956 Thread 0x000000001b447800 Exception <a 'java/lang/ClassNotFoundException': org/gradle/api/internal/AbstractTaskBeanInfo> (0x00000000e3386840) thrown at [C:\src\AOSP-openjdk-git\hotspot\src\share\vm\classfile\systemDictionary.cpp, line 210]
Event: 6.956 Thread 0x000000001b447800 Exception <a 'java/lang/ClassNotFoundException': org/gradle/api/internal/AbstractTaskCustomizer> (0x00000000e33bb1b8) thrown at [C:\src\AOSP-openjdk-git\hotspot\src\share\vm\classfile\systemDictionary.cpp, line 210]
Event: 6.958 Thread 0x000000001b447800 Exception <a 'java/lang/ClassNotFoundException': org/gradle/api/DefaultTaskCustomizer> (0x00000000e3448398) thrown at [C:\src\AOSP-openjdk-git\hotspot\src\share\vm\classfile\systemDictionary.cpp, line 210]
Event: 6.959 Thread 0x000000001b447800 Exception <a 'java/lang/ClassNotFoundException': org/gradle/api/internal/ConventionTaskCustomizer> (0x00000000e348c7a8) thrown at [C:\src\AOSP-openjdk-git\hotspot\src\share\vm\classfile\systemDictionary.cpp, line 210]
Event: 6.960 Thread 0x000000001b447800 Exception <a 'java/lang/ClassNotFoundException': org/gradle/api/tasks/DeleteCustomizer> (0x00000000e34cd0f8) thrown at [C:\src\AOSP-openjdk-git\hotspot\src\share\vm\classfile\systemDictionary.cpp, line 210]
Event: 6.961 Thread 0x000000001b447800 Exception <a 'java/lang/ClassNotFoundException': org/gradle/api/tasks/Delete_DecoratedCustomizer> (0x00000000e351b8e0) thrown at [C:\src\AOSP-openjdk-git\hotspot\src\share\vm\classfile\systemDictionary.cpp, line 210]
Event: 7.335 Thread 0x000000001b447800 Exception <a 'java/lang/ClassNotFoundException': build_g8g3wfw6g5ee627doo56b8rmBeanInfo> (0x00000000e524c098) thrown at [C:\src\AOSP-openjdk-git\hotspot\src\share\vm\classfile\systemDictionary.cpp, line 210]
Event: 7.335 Thread 0x000000001b447800 Exception <a 'java/lang/ClassNotFoundException': build_g8g3wfw6g5ee627doo56b8rmCustomizer> (0x00000000e5258d40) thrown at [C:\src\AOSP-openjdk-git\hotspot\src\share\vm\classfile\systemDictionary.cpp, line 210]
Event: 7.485 Thread 0x000000001b447800 Implicit null exception at 0x0000000003cd25ed to 0x0000000003cd4c61
Event: 7.485 Thread 0x000000001b447800 Implicit null exception at 0x00000000039b31d5 to 0x00000000039b34bd

Events (10 events):
Event: 7.897 loading class com/android/build/gradle/internal/plugins/BasePlugin$1
Event: 7.897 loading class com/android/build/gradle/internal/plugins/BasePlugin$1 done
Event: 7.898 loading class org/gradle/api/artifacts/dsl/DependencyHandler
Event: 7.898 loading class org/gradle/api/artifacts/dsl/DependencyHandler done
Event: 7.899 loading class com/android/build/gradle/internal/plugins/BasePlugin
Event: 7.899 loading class com/android/build/gradle/internal/plugins/BasePlugin done
Event: 7.899 loading class com/android/build/gradle/internal/dsl/BuildTypeFactory
Event: 7.899 loading class com/android/build/gradle/internal/dsl/BuildTypeFactory done
Event: 7.900 loading class org/gradle/api/internal/FactoryNamedDomainObjectContainer
Event: 7.900 loading class org/gradle/api/internal/FactoryNamedDomainObjectContainer done


Dynamic libraries:
0x00007ff659f00000 - 0x00007ff659f31000 	C:\Program Files\Android\Android Studio\jre\bin\java.exe
0x00007ffc80110000 - 0x00007ffc8030e000 	C:\WINDOWS\SYSTEM32\ntdll.dll
0x00007ffc7e7d0000 - 0x00007ffc7e88b000 	C:\WINDOWS\System32\KERNEL32.DLL
0x00007ffc7d6b0000 - 0x00007ffc7d9f7000 	C:\WINDOWS\System32\KERNELBASE.dll
0x00007ffc79ad0000 - 0x00007ffc79b62000 	C:\WINDOWS\SYSTEM32\apphelp.dll
0x00007ffc7e070000 - 0x00007ffc7e11a000 	C:\WINDOWS\System32\ADVAPI32.dll
0x00007ffc7e9b0000 - 0x00007ffc7ea53000 	C:\WINDOWS\System32\msvcrt.dll
0x00007ffc7e900000 - 0x00007ffc7e9a2000 	C:\WINDOWS\System32\sechost.dll
0x00007ffc7f250000 - 0x00007ffc7f375000 	C:\WINDOWS\System32\RPCRT4.dll
0x00007ffc7e5f0000 - 0x00007ffc7e795000 	C:\WINDOWS\System32\USER32.dll
0x00007ffc7dbf0000 - 0x00007ffc7dc16000 	C:\WINDOWS\System32\win32u.dll
0x00007ffc7e7a0000 - 0x00007ffc7e7ca000 	C:\WINDOWS\System32\GDI32.dll
0x00007ffc7de40000 - 0x00007ffc7df4b000 	C:\WINDOWS\System32\gdi32full.dll
0x00007ffc7df50000 - 0x00007ffc7dff4000 	C:\WINDOWS\System32\msvcp_win.dll
0x00007ffc7da00000 - 0x00007ffc7db13000 	C:\WINDOWS\System32\ucrtbase.dll
0x00007ffc64870000 - 0x00007ffc64b15000 	C:\WINDOWS\WinSxS\amd64_microsoft.windows.common-controls_6595b64144ccf1df_6.0.20190.1000_none_8ba9a1a32d4b665f\COMCTL32.dll
0x00007ffc7f380000 - 0x00007ffc7f3b1000 	C:\WINDOWS\System32\IMM32.DLL
0x000000005bb20000 - 0x000000005bbf2000 	C:\Program Files\Android\Android Studio\jre\jre\bin\msvcr100.dll
0x000000005bce0000 - 0x000000005c52b000 	C:\Program Files\Android\Android Studio\jre\jre\bin\server\jvm.dll
0x00007ffc7e240000 - 0x00007ffc7e248000 	C:\WINDOWS\System32\PSAPI.DLL
0x00007ffc6f220000 - 0x00007ffc6f229000 	C:\WINDOWS\SYSTEM32\WSOCK32.dll
0x00007ffc6a700000 - 0x00007ffc6a726000 	C:\WINDOWS\SYSTEM32\WINMM.dll
0x00007ffc71dc0000 - 0x00007ffc71dca000 	C:\WINDOWS\SYSTEM32\VERSION.dll
0x00007ffc7f780000 - 0x00007ffc7f7f0000 	C:\WINDOWS\System32\WS2_32.dll
0x00007ffc77540000 - 0x00007ffc7754f000 	C:\Program Files\Android\Android Studio\jre\jre\bin\verify.dll
0x00007ffc643a0000 - 0x00007ffc643c9000 	C:\Program Files\Android\Android Studio\jre\jre\bin\java.dll
0x00007ffc64850000 - 0x00007ffc64866000 	C:\Program Files\Android\Android Studio\jre\jre\bin\zip.dll
0x00007ffc7f870000 - 0x00007ffc7fff6000 	C:\WINDOWS\System32\SHELL32.dll
0x00007ffc7b3b0000 - 0x00007ffc7bc31000 	C:\WINDOWS\SYSTEM32\windows.storage.dll
0x00007ffc7ea60000 - 0x00007ffc7eddb000 	C:\WINDOWS\System32\combase.dll
0x00007ffc7e250000 - 0x00007ffc7e317000 	C:\WINDOWS\System32\SHCORE.dll
0x00007ffc7e330000 - 0x00007ffc7e386000 	C:\WINDOWS\System32\shlwapi.dll
0x00007ffc7d5f0000 - 0x00007ffc7d60f000 	C:\WINDOWS\SYSTEM32\profapi.dll
0x00007ffc642f0000 - 0x00007ffc6430a000 	C:\Program Files\Android\Android Studio\jre\jre\bin\net.dll
0x00007ffc7cdd0000 - 0x00007ffc7ce38000 	C:\WINDOWS\system32\mswsock.dll
0x00007ffc642d0000 - 0x00007ffc642e3000 	C:\Program Files\Android\Android Studio\jre\jre\bin\nio.dll
0x00007ffc54080000 - 0x00007ffc540a6000 	C:\Users\rha31\AndroidStudioProjects\wheelwhere\.gradle\native\30\windows-amd64\native-platform.dll
0x00007ffc77470000 - 0x00007ffc7747d000 	C:\Program Files\Android\Android Studio\jre\jre\bin\management.dll
0x00007ffc7d090000 - 0x00007ffc7d0a8000 	C:\WINDOWS\SYSTEM32\CRYPTSP.dll
0x00007ffc7c760000 - 0x00007ffc7c795000 	C:\WINDOWS\system32\rsaenh.dll
0x00007ffc7ce70000 - 0x00007ffc7ce9e000 	C:\WINDOWS\SYSTEM32\USERENV.dll
0x00007ffc7d1c0000 - 0x00007ffc7d1e7000 	C:\WINDOWS\SYSTEM32\bcrypt.dll
0x00007ffc7db70000 - 0x00007ffc7dbe9000 	C:\WINDOWS\System32\bcryptprimitives.dll
0x00007ffc7cfc0000 - 0x00007ffc7cfcc000 	C:\WINDOWS\SYSTEM32\CRYPTBASE.dll
0x00007ffc7caa0000 - 0x00007ffc7cacd000 	C:\WINDOWS\SYSTEM32\IPHLPAPI.DLL
0x00007ffc7e8f0000 - 0x00007ffc7e8f9000 	C:\WINDOWS\System32\NSI.dll
0x00007ffc75510000 - 0x00007ffc75527000 	C:\WINDOWS\SYSTEM32\dhcpcsvc6.DLL
0x00007ffc754f0000 - 0x00007ffc7550d000 	C:\WINDOWS\SYSTEM32\dhcpcsvc.DLL
0x00007ffc7cad0000 - 0x00007ffc7cba6000 	C:\WINDOWS\SYSTEM32\DNSAPI.dll

VM Arguments:
jvm_args: -Xmx1536m -Dfile.encoding=x-windows-949 -Duser.country=KR -Duser.language=ko -Duser.variant 
java_command: org.gradle.launcher.daemon.bootstrap.GradleDaemon 5.6.4
java_class_path (initial): C:\Users\rha31\AndroidStudioProjects\wheelwhere\.gradle\wrapper\dists\gradle-5.6.4-all\ankdp27end7byghfw1q2sw75f\gradle-5.6.4\lib\gradle-launcher-5.6.4.jar
Launcher Type: SUN_STANDARD

Environment Variables:
JAVA_HOME=C:\Program Files\Java\jdk-14
PATH=C:\usr\texlive\2012\bin\win32;C:\WINDOWS\system32;C:\WINDOWS;C:\WINDOWS\System32\Wbem;C:\WINDOWS\System32\WindowsPowerShell\v1.0\;C:\WINDOWS\System32\OpenSSH\;C:\Program Files\PuTTY\;C:\Program Files\Git\cmd;C:\ProgramData\chocolatey\bin;C:\Program Files\nodejs\;C:\Program Files (x86)\mingw-w64\i686-8.1.0-posix-dwarf-rt_v6-rev0\mingw32\bin;;C:\Program Files\Docker\Docker\resources\bin;C:\ProgramData\DockerDesktop\version-bin;C:\Users\rha31\AppData\Local\Programs\Python\Python36\Scripts\;C:\Users\rha31\AppData\Local\Programs\Python\Python36\;C:\Ruby26-x64\bin;C:\Program Files\MySQL\MySQL Shell 8.0\bin\;C:\Users\rha31\AppData\Local\Microsoft\WindowsApps;C:\Users\rha31\AppData\Local\Programs\Microsoft VS Code\bin;C:\Program Files\JetBrains\PyCharm 2019.3.3\bin;;C:\Program Files\JetBrains\PyCharm Community Edition 2019.3.3\bin;;C:\Program Files\MySQL\MySQL Server 8.0\bin;C:\Program Files\Java\jdk-14\bin;C:\Users\rha31\AppData\Roaming\npm;
USERNAME=rha31
OS=Windows_NT
PROCESSOR_IDENTIFIER=Intel64 Family 6 Model 126 Stepping 5, GenuineIntel



---------------  S Y S T E M  ---------------

OS: Windows 10.0 , 64 bit Build 20190 (10.0.20190.1000)

CPU:total 8 (initial active 8) (4 cores per cpu, 2 threads per core) family 6 model 126 stepping 5, cmov, cx8, fxsr, mmx, sse, sse2, sse3, ssse3, sse4.1, sse4.2, popcnt, avx, avx2, aes, clmul, erms, 3dnowpref, lzcnt, ht, tsc, tscinvbit, bmi1, bmi2, adx

Memory: 4k page, physical 16505688k(914768k free), swap 66837336k(4564k free)

vm_info: OpenJDK 64-Bit Server VM (25.242-b01) for windows-amd64 JRE (1.8.0_242-release-1644-b01), built by "builder" with MS VC++ 10.0 (VS2010)

time: Sat Aug 22 22:06:05 2020
timezone: 대한민국 표준시
elapsed time: 7 seconds (0d 0h 0m 7s)

